2025-12-15 17:02:59,340- data_ingestion - DEBUG -Parameters restrived from params.yaml
2025-12-15 17:02:59,413- data_ingestion - DEBUG -Data loaded from C:/Users/HP/Downloads/calories_exercise_combined.csv
2025-12-15 17:02:59,422- data_ingestion - DEBUG -User id is been droped
2025-12-15 17:02:59,423- data_ingestion - ERROR -Failed to compute the data ingestion process: Expected sequence or array-like, got <class 'NoneType'>
2025-12-15 17:05:33,465- data_ingestion - DEBUG -Parameters restrived from params.yaml
2025-12-15 17:05:33,525- data_ingestion - DEBUG -Data loaded from C:/Users/HP/Downloads/calories_exercise_combined.csv
2025-12-15 17:05:33,527- data_ingestion - DEBUG -User id is been droped
2025-12-15 17:05:33,590- data_ingestion - DEBUG -Train and test data saved to ./data\raw
2025-12-16 00:15:00,549- data_ingestion - DEBUG -Parameters restrived from params.yaml
2025-12-16 00:15:00,697- data_ingestion - DEBUG -Data loaded from C:/Users/HP/Downloads/calories_exercise_combined.csv
2025-12-16 00:15:00,717- data_ingestion - DEBUG -User id is been droped
2025-12-16 00:15:00,851- data_ingestion - DEBUG -Train and test data saved to ./data\raw
2025-12-16 00:16:18,445- data_ingestion - DEBUG -Parameters restrived from params.yaml
2025-12-16 00:16:18,493- data_ingestion - DEBUG -Data loaded from C:/Users/HP/Downloads/calories_exercise_combined.csv
2025-12-16 00:16:18,495- data_ingestion - DEBUG -User id is been droped
2025-12-16 00:16:18,545- data_ingestion - DEBUG -Train and test data saved to ./data\raw
2025-12-17 19:59:02,065- data_ingestion - DEBUG -Parameters restrived from params.yaml
2025-12-17 19:59:02,151- data_ingestion - DEBUG -Data loaded from C:/Users/HP/Downloads/calories_exercise_combined.csv
2025-12-17 19:59:02,159- data_ingestion - DEBUG -User id is been droped
2025-12-17 19:59:02,229- data_ingestion - DEBUG -Train and test data saved to ./data\raw
2025-12-17 19:59:31,299- data_ingestion - DEBUG -Parameters restrived from params.yaml
2025-12-17 19:59:31,346- data_ingestion - DEBUG -Data loaded from C:/Users/HP/Downloads/calories_exercise_combined.csv
2025-12-17 19:59:31,347- data_ingestion - DEBUG -User id is been droped
2025-12-17 19:59:31,408- data_ingestion - DEBUG -Train and test data saved to ./data\raw
2025-12-17 20:02:29,558- data_ingestion - DEBUG -Parameters restrived from params.yaml
2025-12-17 20:02:29,602- data_ingestion - DEBUG -Data loaded from C:/Users/HP/Downloads/calories_exercise_combined.csv
2025-12-17 20:02:29,604- data_ingestion - DEBUG -User id is been droped
2025-12-17 20:02:29,658- data_ingestion - DEBUG -Train and test data saved to ./data\raw
2025-12-17 22:27:51,541- data_ingestion - DEBUG -Parameters restrived from params.yaml
2025-12-17 22:27:51,628- data_ingestion - DEBUG -Data loaded from C:/Users/HP/Downloads/calories_exercise_combined.csv
2025-12-17 22:27:51,635- data_ingestion - DEBUG -User id is been droped
2025-12-17 22:27:51,718- data_ingestion - DEBUG -Train and test data saved to ./data\raw
