2025-12-15 18:04:52,462-model_building-Parameters retrieved from params.yaml
2025-12-15 18:04:52,462-model_building-Unexpeced error [Errno 2] No such file or directory: 'C:/MLOps/practice/Practice_mlops/data/interi/trained_processed.csv'
2025-12-15 18:04:52,462-model_building-Failed to compute the model building process: [Errno 2] No such file or directory: 'C:/MLOps/practice/Practice_mlops/data/interi/trained_processed.csv'
2025-12-15 18:06:20,916-model_building-Parameters retrieved from params.yaml
2025-12-15 18:06:20,927-model_building-Unexpeced error [Errno 2] No such file or directory: './data/interi/trained_processed.csv'
2025-12-15 18:06:20,927-model_building-Failed to compute the model building process: [Errno 2] No such file or directory: './data/interi/trained_processed.csv'
2025-12-15 18:07:00,985-model_building-Parameters retrieved from params.yaml
2025-12-15 18:07:01,009-model_building-Data loaded from data/interim/trained_processed.csv with shape (12000, 8)
2025-12-15 18:07:01,009-model_building-Initializing random forest mdoel wiht parameters {'n_estimators': 22, 'random_state': 2}
2025-12-15 18:07:01,009-model_building-Model training started with 12000 samples
2025-12-15 18:07:01,604-model_building-Model training completed
2025-12-15 18:07:01,604-model_building-Unexpected error write() argument must be str, not bytes
2025-12-15 18:07:01,604-model_building-Failed to compute the model building process: write() argument must be str, not bytes
2025-12-15 18:08:06,495-model_building-Parameters retrieved from params.yaml
2025-12-15 18:08:06,502-model_building-Data loaded from data/interim/trained_processed.csv with shape (12000, 8)
2025-12-15 18:08:06,502-model_building-Initializing random forest mdoel wiht parameters {'n_estimators': 22, 'random_state': 2}
2025-12-15 18:08:06,502-model_building-Model training started with 12000 samples
2025-12-15 18:08:07,083-model_building-Model training completed
2025-12-15 18:08:07,083-model_building-Unexpected error write() argument must be str, not bytes
2025-12-15 18:08:07,083-model_building-Failed to compute the model building process: write() argument must be str, not bytes
2025-12-15 18:10:34,825-model_building-Parameters retrieved from params.yaml
2025-12-15 18:10:34,841-model_building-Data loaded from data/interim/trained_processed.csv with shape (12000, 8)
2025-12-15 18:10:34,841-model_building-Initializing random forest mdoel wiht parameters {'n_estimators': 22, 'random_state': 2}
2025-12-15 18:10:34,841-model_building-Model training started with 12000 samples
2025-12-15 18:10:35,501-model_building-Model training completed
2025-12-15 18:10:35,519-model_building-Model saved to models/model.pkl
2025-12-16 00:17:57,177-model_building-Parameters retrieved from params.yaml
2025-12-16 00:17:57,192-model_building-Data loaded from data/interim/trained_processed.csv with shape (12000, 8)
2025-12-16 00:17:57,197-model_building-Initializing random forest mdoel wiht parameters {'n_estimators': 22, 'random_state': 2}
2025-12-16 00:17:57,197-model_building-Model training started with 12000 samples
2025-12-16 00:17:57,838-model_building-Model training completed
2025-12-16 00:17:57,858-model_building-Model saved to models/model.pkl
2025-12-16 00:18:35,812-model_building-Parameters retrieved from params.yaml
2025-12-16 00:18:35,830-model_building-Data loaded from data/interim/trained_processed.csv with shape (12000, 8)
2025-12-16 00:18:35,831-model_building-Initializing random forest mdoel wiht parameters {'n_estimators': 22, 'random_state': 2}
2025-12-16 00:18:35,832-model_building-Model training started with 12000 samples
2025-12-16 00:18:36,440-model_building-Model training completed
2025-12-16 00:18:36,467-model_building-Model saved to models/model.pkl
2025-12-16 00:20:24,039-model_building-Parameters retrieved from params.yaml
2025-12-16 00:20:24,050-model_building-Data loaded from data/interim/trained_processed.csv with shape (12000, 8)
2025-12-16 00:20:24,052-model_building-Initializing random forest mdoel wiht parameters {'n_estimators': 22, 'random_state': 2}
2025-12-16 00:20:24,052-model_building-Model training started with 12000 samples
2025-12-16 00:20:24,628-model_building-Model training completed
2025-12-16 00:20:24,649-model_building-Model saved to models/model.pkl
2025-12-17 20:00:01,094-model_building-Parameters retrieved from params.yaml
2025-12-17 20:00:01,106-model_building-Data loaded from data/interim/trained_processed.csv with shape (9000, 8)
2025-12-17 20:00:01,107-model_building-Initializing random forest mdoel wiht parameters {'n_estimators': 22, 'random_state': 2}
2025-12-17 20:00:01,108-model_building-Model training started with 9000 samples
2025-12-17 20:00:01,591-model_building-Model training completed
2025-12-17 20:00:01,607-model_building-Model saved to models/model.pkl
2025-12-17 20:02:32,135-model_building-Parameters retrieved from params.yaml
2025-12-17 20:02:32,151-model_building-Data loaded from data/interim/trained_processed.csv with shape (12000, 8)
2025-12-17 20:02:32,152-model_building-Initializing random forest mdoel wiht parameters {'n_estimators': 40, 'random_state': 1}
2025-12-17 20:02:32,152-model_building-Model training started with 12000 samples
2025-12-17 20:02:33,245-model_building-Model training completed
2025-12-17 20:02:33,275-model_building-Model saved to models/model.pkl
2025-12-17 22:27:59,187-model_building-Parameters retrieved from params.yaml
2025-12-17 22:27:59,215-model_building-Data loaded from data/interim/trained_processed.csv with shape (11514, 8)
2025-12-17 22:27:59,220-model_building-Initializing random forest mdoel wiht parameters {'n_estimators': 100, 'random_state': 1}
2025-12-17 22:27:59,221-model_building-Model training started with 11514 samples
2025-12-17 22:28:03,099-model_building-Model training completed
2025-12-17 22:28:03,192-model_building-Model saved to models/model.pkl
